<?xml version="1.0" encoding="UTF-8"?>
<!-- Generated by org.testng.reporters.JUnitReportReporter -->
<testsuite skipped="0" hostname="DESKTOP-0D017F8" name="org.mma.training.java.selenium.tricentis.MercuryWebTourTest" tests="1" failures="0" timestamp="2021-12-04T11:56:55 EST" time="11.313" errors="0">
  <testcase name="loginPageValidation" time="11.313" classname="org.mma.training.java.selenium.tricentis.MercuryWebTourTest"/>
  <system-out/>
</testsuite> <!-- org.mma.training.java.selenium.tricentis.MercuryWebTourTest -->
